<?xml version="1.0" encoding="UTF-8"?>
<!-- Generated by org.testng.reporters.JUnitXMLReporter -->
<testsuite hostname="DESKTOP-55E04N3" failures="1" tests="5" name="Test" time="120.886" errors="0" timestamp="3 Aug 2022 12:31:14 GMT">
  <testcase classname="org.vtiger.campaigns.CreateCampaignTest" name="createCampaignTest" time="0.237">
    <failure type="java.lang.AssertionError" message="null">
      <![CDATA[java.lang.AssertionError: null
	at org.vtiger.campaigns.CreateCampaignTest.createCampaignTest(CreateCampaignTest.java:21)
... Removed 26 stack frames]]>
    </failure>
  </testcase> <!-- createCampaignTest -->
  <testcase classname="org.vtiger.campaigns.CreateCampaignWithProductTest" name="createCampaignWithProductTest" time="24.248"/>
  <testcase classname="org.vtiger.Contacts.CreateContactWithOrganizationTest" name="createContactWithOrganizationTest" time="28.529"/>
  <testcase classname="org.vtiger.documents.CreateDocumentTest" name="createDocumentTest" time="10.376"/>
  <testcase classname="org.vtiger.Contacts.CreateContactTest" name="createContactTest" time="13.285"/>
</testsuite> <!-- Test -->
